Starting the Pulling of messages to Gateway 2
Traceback (most recent call last):
  File "pullqueueV2.py", line 169, in <module>
    channel.start_consuming()
  File "/home/omr/.local/lib/python3.6/site-packages/pika/adapters/blocking_connection.py", line 1883, in start_consuming
    self._process_data_events(time_limit=None)
  File "/home/omr/.local/lib/python3.6/site-packages/pika/adapters/blocking_connection.py", line 2044, in _process_data_events
    self.connection.process_data_events(time_limit=time_limit)
  File "/home/omr/.local/lib/python3.6/site-packages/pika/adapters/blocking_connection.py", line 842, in process_data_events
    self._flush_output(common_terminator)
  File "/home/omr/.local/lib/python3.6/site-packages/pika/adapters/blocking_connection.py", line 514, in _flush_output
    self._impl.ioloop.poll()
  File "/home/omr/.local/lib/python3.6/site-packages/pika/adapters/select_connection.py", line 579, in poll
    self._poller.poll()
  File "/home/omr/.local/lib/python3.6/site-packages/pika/adapters/select_connection.py", line 1184, in poll
    events = self._poll.poll(self._get_max_wait())
KeyboardInterrupt
File 6784c278de5f62fe9e17264c4e00b839.dat copied successfully to 192.168.3.1:/home/jugaad/jugaad/Malware/Profiler_OS_NW/malware_submission
Inside the shell script
The arguments passed to the runstarttest script are as follows
192.168.3.1 jugaad /home/jugaad/jugaad/Malware/GW1/startTest/omrFiles remotestartTestV2.py 6784c278de5f62fe9e17264c4e00b839.dat
ssh: connect to host 192.168.2.27 port 22: No route to host
lost connection
tshark: no process found
PING 192.168.2.27 (192.168.2.27) 56(84) bytes of data.
From 192.168.2.254 icmp_seq=1 Destination Host Unreachable

--- 192.168.2.27 ping statistics ---
1 packets transmitted, 0 received, +1 errors, 100% packet loss, time 0ms

Copying the file from the Gateway 1 to the Profiler
6784c278de5f62fe9e17264c4e00b839.dat  These are the arguments (filehash)------------------------------- These are the arguments
file transfer from gateway1 to profiler start
file transfer from  gateway1 to profiler end
Copy to Profiler successful
Stop prior tsharks and restart
Ok an error - so send mail
Traceback (most recent call last):
  File "remotestartTestV2.py", line 188, in <module>
    runs(filehash)
  File "remotestartTestV2.py", line 113, in runs
    sendmail()
  File "remotestartTestV2.py", line 48, in sendmail
    session = smtplib.SMTP('smtp.gmail.com', 587)  # gmail with port
  File "/usr/lib/python3.6/smtplib.py", line 251, in __init__
    (code, msg) = self.connect(host, port)
  File "/usr/lib/python3.6/smtplib.py", line 336, in connect
    self.sock = self._get_socket(host, port, self.timeout)
  File "/usr/lib/python3.6/smtplib.py", line 307, in _get_socket
    self.source_address)
  File "/usr/lib/python3.6/socket.py", line 704, in create_connection
    for res in getaddrinfo(host, port, 0, SOCK_STREAM):
  File "/usr/lib/python3.6/socket.py", line 745, in getaddrinfo
    for res in _socket.getaddrinfo(host, port, family, type, proto, flags):
socket.gaierror: [Errno -2] Name or service not known
Starting the Pulling of messages to Gateway 2
Traceback (most recent call last):
  File "pullqueueV2.py", line 169, in <module>
    channel.start_consuming()
  File "/home/omr/.local/lib/python3.6/site-packages/pika/adapters/blocking_connection.py", line 1883, in start_consuming
    self._process_data_events(time_limit=None)
  File "/home/omr/.local/lib/python3.6/site-packages/pika/adapters/blocking_connection.py", line 2044, in _process_data_events
    self.connection.process_data_events(time_limit=time_limit)
  File "/home/omr/.local/lib/python3.6/site-packages/pika/adapters/blocking_connection.py", line 842, in process_data_events
    self._flush_output(common_terminator)
  File "/home/omr/.local/lib/python3.6/site-packages/pika/adapters/blocking_connection.py", line 514, in _flush_output
    self._impl.ioloop.poll()
  File "/home/omr/.local/lib/python3.6/site-packages/pika/adapters/select_connection.py", line 579, in poll
    self._poller.poll()
  File "/home/omr/.local/lib/python3.6/site-packages/pika/adapters/select_connection.py", line 1184, in poll
    events = self._poll.poll(self._get_max_wait())
KeyboardInterrupt
/home/omr/files/02671abefd336d515d188af729057653.dat: No such file or directory
File 02671abefd336d515d188af729057653.dat could not be copied.
Inside the shell script
The arguments passed to the runstarttest script are as follows
192.168.3.1 jugaad /home/jugaad/jugaad/Malware/GW1/startTest/omrFiles remotestartTestV2.py 02671abefd336d515d188af729057653.dat
/home/jugaad/jugaad/Malware/Profiler_OS_NW/malware_submission/02671abefd336d515d188af729057653.dat: No such file or directory
tshark: no process found
PING 192.168.2.27 (192.168.2.27) 56(84) bytes of data.
64 bytes from 192.168.2.27: icmp_seq=1 ttl=128 time=0.674 ms

--- 192.168.2.27 ping statistics ---
1 packets transmitted, 1 received, 0% packet loss, time 0ms
rtt min/avg/max/mdev = 0.674/0.674/0.674/0.000 ms
We are now calling Procmon on the profiler from the Gateway1
Tshark started on Gateway 2 and processes are moved to the background


################# PROCMON ######################


 --- Starting Procmon Capture 

 --- Starting File Execution 

Traceback (most recent call last):
  File "C:\Profiler_OS_NW\procmonallan.py", line 33, in <module>
    pe=subprocess.Popen(execute_file)
  File "C:\Users\jugaad\AppData\Local\Programs\Python\Python313\Lib\subprocess.py", line 1038, in __init__
    self._execute_child(args, executable, preexec_fn, close_fds,
    ~~~~~~~~~~~~~~~~~~~^^^^^^^^^^^^^^^^^^^^^^^^^^^^^^^^^^^^^^^^^
                        pass_fds, cwd, env,
                        ^^^^^^^^^^^^^^^^^^^
    ...<5 lines>...
                        gid, gids, uid, umask,
                        ^^^^^^^^^^^^^^^^^^^^^^
                        start_new_session, process_group)
                        ^^^^^^^^^^^^^^^^^^^^^^^^^^^^^^^^^
  File "C:\Users\jugaad\AppData\Local\Programs\Python\Python313\Lib\subprocess.py", line 1550, in _execute_child
    hp, ht, pid, tid = _winapi.CreateProcess(executable, args,
                       ~~~~~~~~~~~~~~~~~~~~~^^^^^^^^^^^^^^^^^^
                             # no special security
                             ^^^^^^^^^^^^^^^^^^^^^
    ...<4 lines>...
                             cwd,
                             ^^^^
                             startupinfo)
                             ^^^^^^^^^^^^
FileNotFoundError: [WinError 2] The system cannot find the file specified
Capturing on 'eno1'
scp: c:/Profiler_OS_NW/OS_Data_csv/02671abefd336d515d188af729057653.csv: No such file or directory
File transferred to Gateway1
/home/jugaad/jugaad/temp_trail_storage/02671abefd336d515d188af729057653.csv: No such file or directory
File transferred to Gateway2
rm: cannot remove '/home/jugaad/jugaad/temp_trail_storage/02671abefd336d515d188af729057653.csv': No such file or directory
Remote profiler call executed successfully
scp: /home/omr/reporthash//trafficLogs: Permission denied
scp: c:/Profiler_OS_NW/*.pid: No such file or directory
Copying the file from the Gateway 1 to the Profiler
02671abefd336d515d188af729057653.dat  These are the arguments (filehash)------------------------------- These are the arguments
file transfer from gateway1 to profiler start
file transfer from  gateway1 to profiler end
Copy to Profiler successful
Stop prior tsharks and restart
0. 02671abefd336d515d188af729057653.dat
First command run

Starting the Power Shell Script


Procmon done
Stopping the network capture

Completed 02671abefd336d515d188af729057653.dat
-------------------------------------------------------------------------


Starting the Pulling of messages to Gateway 2
received a new filehash= 02671abefd336d515d188af729057653 and a new jobid = 221
copyexecuted form gateway2 to gateway1 start
copyexecuted form gateway2 to gateway1 end
copied malware to gw1
Called the remote python function with arguments 

 192.168.3.1 jugaad /home/jugaad/jugaad/Malware/GW1/startTest/omrFiles remotestartTestV2.py 02671abefd336d515d188af729057653
remote script invocation form gateway1 to profiler callstart
remote script invocation form gateway1 to profiler callend
Message put into receiving (Report) queue
Job processing complete
Traceback (most recent call last):
  File "pullqueueV2.py", line 169, in <module>
    channel.start_consuming()
  File "/home/omr/.local/lib/python3.6/site-packages/pika/adapters/blocking_connection.py", line 1883, in start_consuming
    self._process_data_events(time_limit=None)
  File "/home/omr/.local/lib/python3.6/site-packages/pika/adapters/blocking_connection.py", line 2044, in _process_data_events
    self.connection.process_data_events(time_limit=time_limit)
  File "/home/omr/.local/lib/python3.6/site-packages/pika/adapters/blocking_connection.py", line 842, in process_data_events
    self._flush_output(common_terminator)
  File "/home/omr/.local/lib/python3.6/site-packages/pika/adapters/blocking_connection.py", line 523, in _flush_output
    raise self._closed_result.value.error
pika.exceptions.ConnectionClosedByBroker: (320, "CONNECTION_FORCED - broker forced connection closure with reason 'shutdown'")
/home/omr/files/c165b071992a1927dcb41574da7a5981.dat: No such file or directory
File c165b071992a1927dcb41574da7a5981.dat could not be copied.
Inside the shell script
The arguments passed to the runstarttest script are as follows
192.168.3.1 jugaad /home/jugaad/jugaad/Malware/GW1/startTest/omrFiles remotestartTestV2.py c165b071992a1927dcb41574da7a5981.dat
/home/jugaad/jugaad/Malware/Profiler_OS_NW/malware_submission/c165b071992a1927dcb41574da7a5981.dat: No such file or directory
tshark: no process found
PING 192.168.2.27 (192.168.2.27) 56(84) bytes of data.
64 bytes from 192.168.2.27: icmp_seq=1 ttl=128 time=0.692 ms

--- 192.168.2.27 ping statistics ---
1 packets transmitted, 1 received, 0% packet loss, time 0ms
rtt min/avg/max/mdev = 0.692/0.692/0.692/0.000 ms
We are now calling Procmon on the profiler from the Gateway1
Tshark started on Gateway 2 and processes are moved to the background


################# PROCMON ######################


 --- Starting Procmon Capture 

 --- Starting File Execution 

Traceback (most recent call last):
  File "C:\Profiler_OS_NW\procmonallan.py", line 33, in <module>
    pe=subprocess.Popen(execute_file)
  File "C:\Users\jugaad\AppData\Local\Programs\Python\Python313\Lib\subprocess.py", line 1038, in __init__
    self._execute_child(args, executable, preexec_fn, close_fds,
    ~~~~~~~~~~~~~~~~~~~^^^^^^^^^^^^^^^^^^^^^^^^^^^^^^^^^^^^^^^^^
                        pass_fds, cwd, env,
                        ^^^^^^^^^^^^^^^^^^^
    ...<5 lines>...
                        gid, gids, uid, umask,
                        ^^^^^^^^^^^^^^^^^^^^^^
                        start_new_session, process_group)
                        ^^^^^^^^^^^^^^^^^^^^^^^^^^^^^^^^^
  File "C:\Users\jugaad\AppData\Local\Programs\Python\Python313\Lib\subprocess.py", line 1550, in _execute_child
    hp, ht, pid, tid = _winapi.CreateProcess(executable, args,
                       ~~~~~~~~~~~~~~~~~~~~~^^^^^^^^^^^^^^^^^^
                             # no special security
                             ^^^^^^^^^^^^^^^^^^^^^
    ...<4 lines>...
                             cwd,
                             ^^^^
                             startupinfo)
                             ^^^^^^^^^^^^
FileNotFoundError: [WinError 2] The system cannot find the file specified
Capturing on 'eno1'
scp: c:/Profiler_OS_NW/OS_Data_csv/c165b071992a1927dcb41574da7a5981.csv: No such file or directory
File transferred to Gateway1
/home/jugaad/jugaad/temp_trail_storage/c165b071992a1927dcb41574da7a5981.csv: No such file or directory
File transferred to Gateway2
rm: cannot remove '/home/jugaad/jugaad/temp_trail_storage/c165b071992a1927dcb41574da7a5981.csv': No such file or directory
Remote profiler call executed successfully
scp: /home/omr/reporthash//trafficLogs: Permission denied
scp: c:/Profiler_OS_NW/*.pid: No such file or directory
Copying the file from the Gateway 1 to the Profiler
c165b071992a1927dcb41574da7a5981.dat  These are the arguments (filehash)------------------------------- These are the arguments
file transfer from gateway1 to profiler start
file transfer from  gateway1 to profiler end
Copy to Profiler successful
Stop prior tsharks and restart
0. c165b071992a1927dcb41574da7a5981.dat
First command run

Starting the Power Shell Script


Procmon done
Stopping the network capture

Completed c165b071992a1927dcb41574da7a5981.dat
-------------------------------------------------------------------------


Starting the Pulling of messages to Gateway 2
received a new filehash= c165b071992a1927dcb41574da7a5981 and a new jobid = 222
copyexecuted form gateway2 to gateway1 start
copyexecuted form gateway2 to gateway1 end
copied malware to gw1
Called the remote python function with arguments 

 192.168.3.1 jugaad /home/jugaad/jugaad/Malware/GW1/startTest/omrFiles remotestartTestV2.py c165b071992a1927dcb41574da7a5981
remote script invocation form gateway1 to profiler callstart
remote script invocation form gateway1 to profiler callend
Message put into receiving (Report) queue
Job processing complete
Traceback (most recent call last):
  File "pullqueueV2.py", line 169, in <module>
    channel.start_consuming()
  File "/home/omr/.local/lib/python3.6/site-packages/pika/adapters/blocking_connection.py", line 1883, in start_consuming
    self._process_data_events(time_limit=None)
  File "/home/omr/.local/lib/python3.6/site-packages/pika/adapters/blocking_connection.py", line 2044, in _process_data_events
    self.connection.process_data_events(time_limit=time_limit)
  File "/home/omr/.local/lib/python3.6/site-packages/pika/adapters/blocking_connection.py", line 842, in process_data_events
    self._flush_output(common_terminator)
  File "/home/omr/.local/lib/python3.6/site-packages/pika/adapters/blocking_connection.py", line 514, in _flush_output
    self._impl.ioloop.poll()
  File "/home/omr/.local/lib/python3.6/site-packages/pika/adapters/select_connection.py", line 579, in poll
    self._poller.poll()
  File "/home/omr/.local/lib/python3.6/site-packages/pika/adapters/select_connection.py", line 1184, in poll
    events = self._poll.poll(self._get_max_wait())
KeyboardInterrupt
File 618e35c5b5e2bfc850ff61023f036543.dat copied successfully to 192.168.3.1:/home/jugaad/jugaad/Malware/Profiler_OS_NW/malware_submission
Inside the shell script
The arguments passed to the runstarttest script are as follows
192.168.3.1 jugaad /home/jugaad/jugaad/Malware/GW1/startTest/omrFiles remotestartTestV2.py 618e35c5b5e2bfc850ff61023f036543.dat
tshark: no process found
PING 192.168.2.27 (192.168.2.27) 56(84) bytes of data.
64 bytes from 192.168.2.27: icmp_seq=1 ttl=128 time=0.687 ms

--- 192.168.2.27 ping statistics ---
1 packets transmitted, 1 received, 0% packet loss, time 0ms
rtt min/avg/max/mdev = 0.687/0.687/0.687/0.000 ms
We are now calling Procmon on the profiler from the Gateway1
Tshark started on Gateway 2 and processes are moved to the background
Capturing on 'eno1'
SUCCESS: The process "618e35c5b5e2bfc850ff61023f036543.dat" with PID 2956 has been terminated.


################# PROCMON ######################


 --- Starting Procmon Capture 

 --- Starting File Execution 

The PID of the executable file is :  2956
 --- Running cmdline command : "C:\\Profiler_OS_NW\\ProcessMonitor\\Procmon.exe" /AcceptEula /NoFilter /BackingFile "C:\\Profiler_OS_NW\\OS_Data_pml\\618e35c5b5e2bfc850ff61023f036543.pml" /Quiet /Minimized /LoadConfig ""
 --- Stopping Procmon Capture 

Stopping File Execution 

 --- Running cmdline command : "C:\\Profiler_OS_NW\\ProcessMonitor\\Procmon.exe" /Terminate
 --- Converting session to CSV: C:\\Profiler_OS_NW\\OS_Data_csv\\618e35c5b5e2bfc850ff61023f036543.csv
 --- Running cmdline: "C:\\Profiler_OS_NW\\ProcessMonitor\\Procmon.exe" /OpenLog "C:\\Profiler_OS_NW\\OS_Data_pml\\618e35c5b5e2bfc850ff61023f036543.pml" /saveas "C:\\Profiler_OS_NW\\OS_Data_csv\\618e35c5b5e2bfc850ff61023f036543.csv" /LoadConfig ""
################# PROCMON FINISHED SUCCESSFULLY######################
File transferred to Gateway1
sshpass: Failed to run command: No such file or directory
File transferred to Gateway2
Remote profiler call executed successfully
chmod: changing permissions of '/home/omr/report/returned_network_logs/trafficLogs/logs': Operation not permitted
scp: c:/Profiler_OS_NW/*.pid: No such file or directory
Copying the file from the Gateway 1 to the Profiler
618e35c5b5e2bfc850ff61023f036543.dat  These are the arguments (filehash)------------------------------- These are the arguments
file transfer from gateway1 to profiler start
file transfer from  gateway1 to profiler end
Copy to Profiler successful
Stop prior tsharks and restart
0. 618e35c5b5e2bfc850ff61023f036543.dat
First command run

Starting the Power Shell Script


Procmon done
Stopping the network capture

Completed 618e35c5b5e2bfc850ff61023f036543.dat
-------------------------------------------------------------------------


File 0569e1782856dfb903f0b3ebe9eed865.dat copied successfully to 192.168.3.1:/home/jugaad/jugaad/Malware/Profiler_OS_NW/malware_submission
Inside the shell script
The arguments passed to the runstarttest script are as follows
192.168.3.1 jugaad /home/jugaad/jugaad/Malware/GW1/startTest/omrFiles remotestartTestV2.py 0569e1782856dfb903f0b3ebe9eed865.dat
tshark: no process found
PING 192.168.2.27 (192.168.2.27) 56(84) bytes of data.
64 bytes from 192.168.2.27: icmp_seq=1 ttl=128 time=0.685 ms

--- 192.168.2.27 ping statistics ---
1 packets transmitted, 1 received, 0% packet loss, time 0ms
rtt min/avg/max/mdev = 0.685/0.685/0.685/0.000 ms
We are now calling Procmon on the profiler from the Gateway1
Tshark started on Gateway 2 and processes are moved to the background
Capturing on 'eno1'
SUCCESS: The process "0569e1782856dfb903f0b3ebe9eed865.dat" with PID 9776 has been terminated.


################# PROCMON ######################


 --- Starting Procmon Capture 

 --- Starting File Execution 

The PID of the executable file is :  9776
 --- Running cmdline command : "C:\\Profiler_OS_NW\\ProcessMonitor\\Procmon.exe" /AcceptEula /NoFilter /BackingFile "C:\\Profiler_OS_NW\\OS_Data_pml\\0569e1782856dfb903f0b3ebe9eed865.pml" /Quiet /Minimized /LoadConfig ""
 --- Stopping Procmon Capture 

Stopping File Execution 

 --- Running cmdline command : "C:\\Profiler_OS_NW\\ProcessMonitor\\Procmon.exe" /Terminate
 --- Converting session to CSV: C:\\Profiler_OS_NW\\OS_Data_csv\\0569e1782856dfb903f0b3ebe9eed865.csv
 --- Running cmdline: "C:\\Profiler_OS_NW\\ProcessMonitor\\Procmon.exe" /OpenLog "C:\\Profiler_OS_NW\\OS_Data_pml\\0569e1782856dfb903f0b3ebe9eed865.pml" /saveas "C:\\Profiler_OS_NW\\OS_Data_csv\\0569e1782856dfb903f0b3ebe9eed865.csv" /LoadConfig ""
################# PROCMON FINISHED SUCCESSFULLY######################
File transferred to Gateway1
sshpass: Failed to run command: No such file or directory
File transferred to Gateway2
Remote profiler call executed successfully
chmod: changing permissions of '/home/omr/report/returned_network_logs/trafficLogs/logs': Operation not permitted
scp: c:/Profiler_OS_NW/*.pid: No such file or directory
Copying the file from the Gateway 1 to the Profiler
0569e1782856dfb903f0b3ebe9eed865.dat  These are the arguments (filehash)------------------------------- These are the arguments
file transfer from gateway1 to profiler start
file transfer from  gateway1 to profiler end
Copy to Profiler successful
Stop prior tsharks and restart
0. 0569e1782856dfb903f0b3ebe9eed865.dat
First command run

Starting the Power Shell Script


Procmon done
Stopping the network capture

Completed 0569e1782856dfb903f0b3ebe9eed865.dat
-------------------------------------------------------------------------


File 056b14a7515ebddc0deda7b0f95d7330.dat copied successfully to 192.168.3.1:/home/jugaad/jugaad/Malware/Profiler_OS_NW/malware_submission
Inside the shell script
The arguments passed to the runstarttest script are as follows
192.168.3.1 jugaad /home/jugaad/jugaad/Malware/GW1/startTest/omrFiles remotestartTestV2.py 056b14a7515ebddc0deda7b0f95d7330.dat
tshark: no process found
PING 192.168.2.27 (192.168.2.27) 56(84) bytes of data.
64 bytes from 192.168.2.27: icmp_seq=1 ttl=128 time=0.688 ms

--- 192.168.2.27 ping statistics ---
1 packets transmitted, 1 received, 0% packet loss, time 0ms
rtt min/avg/max/mdev = 0.688/0.688/0.688/0.000 ms
We are now calling Procmon on the profiler from the Gateway1
Tshark started on Gateway 2 and processes are moved to the background
Capturing on 'eno1'
SUCCESS: The process "056b14a7515ebddc0deda7b0f95d7330.dat" with PID 4396 has been terminated.


################# PROCMON ######################


 --- Starting Procmon Capture 

 --- Starting File Execution 

The PID of the executable file is :  4396
 --- Running cmdline command : "C:\\Profiler_OS_NW\\ProcessMonitor\\Procmon.exe" /AcceptEula /NoFilter /BackingFile "C:\\Profiler_OS_NW\\OS_Data_pml\\056b14a7515ebddc0deda7b0f95d7330.pml" /Quiet /Minimized /LoadConfig ""
 --- Stopping Procmon Capture 

Stopping File Execution 

 --- Running cmdline command : "C:\\Profiler_OS_NW\\ProcessMonitor\\Procmon.exe" /Terminate
 --- Converting session to CSV: C:\\Profiler_OS_NW\\OS_Data_csv\\056b14a7515ebddc0deda7b0f95d7330.csv
 --- Running cmdline: "C:\\Profiler_OS_NW\\ProcessMonitor\\Procmon.exe" /OpenLog "C:\\Profiler_OS_NW\\OS_Data_pml\\056b14a7515ebddc0deda7b0f95d7330.pml" /saveas "C:\\Profiler_OS_NW\\OS_Data_csv\\056b14a7515ebddc0deda7b0f95d7330.csv" /LoadConfig ""
################# PROCMON FINISHED SUCCESSFULLY######################
File transferred to Gateway1
sshpass: Failed to run command: No such file or directory
File transferred to Gateway2
Remote profiler call executed successfully
chmod: changing permissions of '/home/omr/report/returned_network_logs/trafficLogs/logs': Operation not permitted
scp: c:/Profiler_OS_NW/*.pid: No such file or directory
Copying the file from the Gateway 1 to the Profiler
056b14a7515ebddc0deda7b0f95d7330.dat  These are the arguments (filehash)------------------------------- These are the arguments
file transfer from gateway1 to profiler start
file transfer from  gateway1 to profiler end
Copy to Profiler successful
Stop prior tsharks and restart
0. 056b14a7515ebddc0deda7b0f95d7330.dat
First command run

Starting the Power Shell Script


Procmon done
Stopping the network capture

Completed 056b14a7515ebddc0deda7b0f95d7330.dat
-------------------------------------------------------------------------


File 96d0e3328a5ca47056741fc4cfe70f45.dat copied successfully to 192.168.3.1:/home/jugaad/jugaad/Malware/Profiler_OS_NW/malware_submission
Inside the shell script
The arguments passed to the runstarttest script are as follows
192.168.3.1 jugaad /home/jugaad/jugaad/Malware/GW1/startTest/omrFiles remotestartTestV2.py 96d0e3328a5ca47056741fc4cfe70f45.dat
tshark: no process found
PING 192.168.2.27 (192.168.2.27) 56(84) bytes of data.
64 bytes from 192.168.2.27: icmp_seq=1 ttl=128 time=0.679 ms

--- 192.168.2.27 ping statistics ---
1 packets transmitted, 1 received, 0% packet loss, time 0ms
rtt min/avg/max/mdev = 0.679/0.679/0.679/0.000 ms
We are now calling Procmon on the profiler from the Gateway1
Tshark started on Gateway 2 and processes are moved to the background
Capturing on 'eno1'
SUCCESS: The process "96d0e3328a5ca47056741fc4cfe70f45.dat" with PID 7332 has been terminated.


################# PROCMON ######################


 --- Starting Procmon Capture 

 --- Starting File Execution 

The PID of the executable file is :  7332
 --- Running cmdline command : "C:\\Profiler_OS_NW\\ProcessMonitor\\Procmon.exe" /AcceptEula /NoFilter /BackingFile "C:\\Profiler_OS_NW\\OS_Data_pml\\96d0e3328a5ca47056741fc4cfe70f45.pml" /Quiet /Minimized /LoadConfig ""
 --- Stopping Procmon Capture 

Stopping File Execution 

 --- Running cmdline command : "C:\\Profiler_OS_NW\\ProcessMonitor\\Procmon.exe" /Terminate
 --- Converting session to CSV: C:\\Profiler_OS_NW\\OS_Data_csv\\96d0e3328a5ca47056741fc4cfe70f45.csv
 --- Running cmdline: "C:\\Profiler_OS_NW\\ProcessMonitor\\Procmon.exe" /OpenLog "C:\\Profiler_OS_NW\\OS_Data_pml\\96d0e3328a5ca47056741fc4cfe70f45.pml" /saveas "C:\\Profiler_OS_NW\\OS_Data_csv\\96d0e3328a5ca47056741fc4cfe70f45.csv" /LoadConfig ""
################# PROCMON FINISHED SUCCESSFULLY######################
File transferred to Gateway1
sshpass: Failed to run command: No such file or directory
File transferred to Gateway2
Remote profiler call executed successfully
chmod: changing permissions of '/home/omr/report/returned_network_logs/trafficLogs/logs': Operation not permitted
scp: c:/Profiler_OS_NW/*.pid: No such file or directory
Copying the file from the Gateway 1 to the Profiler
96d0e3328a5ca47056741fc4cfe70f45.dat  These are the arguments (filehash)------------------------------- These are the arguments
file transfer from gateway1 to profiler start
file transfer from  gateway1 to profiler end
Copy to Profiler successful
Stop prior tsharks and restart
0. 96d0e3328a5ca47056741fc4cfe70f45.dat
First command run

Starting the Power Shell Script


Procmon done
Stopping the network capture

Completed 96d0e3328a5ca47056741fc4cfe70f45.dat
-------------------------------------------------------------------------


File d25c3bd6c96b1d4b95f492a9daa4a6a1.dat copied successfully to 192.168.3.1:/home/jugaad/jugaad/Malware/Profiler_OS_NW/malware_submission
Inside the shell script
The arguments passed to the runstarttest script are as follows
192.168.3.1 jugaad /home/jugaad/jugaad/Malware/GW1/startTest/omrFiles remotestartTestV2.py d25c3bd6c96b1d4b95f492a9daa4a6a1.dat
tshark: no process found
PING 192.168.2.27 (192.168.2.27) 56(84) bytes of data.
64 bytes from 192.168.2.27: icmp_seq=1 ttl=128 time=0.397 ms

--- 192.168.2.27 ping statistics ---
1 packets transmitted, 1 received, 0% packet loss, time 0ms
rtt min/avg/max/mdev = 0.397/0.397/0.397/0.000 ms
We are now calling Procmon on the profiler from the Gateway1
Tshark started on Gateway 2 and processes are moved to the background
Capturing on 'eno1'
SUCCESS: The process "d25c3bd6c96b1d4b95f492a9daa4a6a1.dat" with PID 6096 has been terminated.
SUCCESS: The process "d25c3bd6c96b1d4b95f492a9daa4a6a1.dat" with PID 5236 has been terminated.
SUCCESS: The process "d25c3bd6c96b1d4b95f492a9daa4a6a1.dat" with PID 8768 has been terminated.


################# PROCMON ######################


 --- Starting Procmon Capture 

 --- Starting File Execution 

The PID of the executable file is :  6096
 --- Running cmdline command : "C:\\Profiler_OS_NW\\ProcessMonitor\\Procmon.exe" /AcceptEula /NoFilter /BackingFile "C:\\Profiler_OS_NW\\OS_Data_pml\\d25c3bd6c96b1d4b95f492a9daa4a6a1.pml" /Quiet /Minimized /LoadConfig ""
 --- Stopping Procmon Capture 

Stopping File Execution 

 --- Running cmdline command : "C:\\Profiler_OS_NW\\ProcessMonitor\\Procmon.exe" /Terminate
 --- Converting session to CSV: C:\\Profiler_OS_NW\\OS_Data_csv\\d25c3bd6c96b1d4b95f492a9daa4a6a1.csv
 --- Running cmdline: "C:\\Profiler_OS_NW\\ProcessMonitor\\Procmon.exe" /OpenLog "C:\\Profiler_OS_NW\\OS_Data_pml\\d25c3bd6c96b1d4b95f492a9daa4a6a1.pml" /saveas "C:\\Profiler_OS_NW\\OS_Data_csv\\d25c3bd6c96b1d4b95f492a9daa4a6a1.csv" /LoadConfig ""
################# PROCMON FINISHED SUCCESSFULLY######################
File transferred to Gateway1
sshpass: Failed to run command: No such file or directory
File transferred to Gateway2
Remote profiler call executed successfully
chmod: changing permissions of '/home/omr/report/returned_network_logs/trafficLogs/logs': Operation not permitted
scp: c:/Profiler_OS_NW/*.pid: No such file or directory
Copying the file from the Gateway 1 to the Profiler
d25c3bd6c96b1d4b95f492a9daa4a6a1.dat  These are the arguments (filehash)------------------------------- These are the arguments
file transfer from gateway1 to profiler start
file transfer from  gateway1 to profiler end
Copy to Profiler successful
Stop prior tsharks and restart
0. d25c3bd6c96b1d4b95f492a9daa4a6a1.dat
First command run

Starting the Power Shell Script


Procmon done
Stopping the network capture

Completed d25c3bd6c96b1d4b95f492a9daa4a6a1.dat
-------------------------------------------------------------------------


File 350da9498e096903d8c7d968dc55537e.dat copied successfully to 192.168.3.1:/home/jugaad/jugaad/Malware/Profiler_OS_NW/malware_submission
Inside the shell script
The arguments passed to the runstarttest script are as follows
192.168.3.1 jugaad /home/jugaad/jugaad/Malware/GW1/startTest/omrFiles remotestartTestV2.py 350da9498e096903d8c7d968dc55537e.dat
tshark: no process found
PING 192.168.2.27 (192.168.2.27) 56(84) bytes of data.
64 bytes from 192.168.2.27: icmp_seq=1 ttl=128 time=0.676 ms

--- 192.168.2.27 ping statistics ---
1 packets transmitted, 1 received, 0% packet loss, time 0ms
rtt min/avg/max/mdev = 0.676/0.676/0.676/0.000 ms
We are now calling Procmon on the profiler from the Gateway1
Tshark started on Gateway 2 and processes are moved to the background
Capturing on 'eno1'
ERROR: The process "350da9498e096903d8c7d968dc55537e.dat" not found.


################# PROCMON ######################


 --- Starting Procmon Capture 

 --- Starting File Execution 

The PID of the executable file is :  2160
 --- Running cmdline command : "C:\\Profiler_OS_NW\\ProcessMonitor\\Procmon.exe" /AcceptEula /NoFilter /BackingFile "C:\\Profiler_OS_NW\\OS_Data_pml\\350da9498e096903d8c7d968dc55537e.pml" /Quiet /Minimized /LoadConfig ""
 --- Stopping Procmon Capture 

Stopping File Execution 

 --- Running cmdline command : "C:\\Profiler_OS_NW\\ProcessMonitor\\Procmon.exe" /Terminate
 --- Converting session to CSV: C:\\Profiler_OS_NW\\OS_Data_csv\\350da9498e096903d8c7d968dc55537e.csv
 --- Running cmdline: "C:\\Profiler_OS_NW\\ProcessMonitor\\Procmon.exe" /OpenLog "C:\\Profiler_OS_NW\\OS_Data_pml\\350da9498e096903d8c7d968dc55537e.pml" /saveas "C:\\Profiler_OS_NW\\OS_Data_csv\\350da9498e096903d8c7d968dc55537e.csv" /LoadConfig ""
################# PROCMON FINISHED SUCCESSFULLY######################
File transferred to Gateway1
sshpass: Failed to run command: No such file or directory
File transferred to Gateway2
Remote profiler call executed successfully
chmod: changing permissions of '/home/omr/report/returned_network_logs/trafficLogs/logs': Operation not permitted
scp: c:/Profiler_OS_NW/*.pid: No such file or directory
Copying the file from the Gateway 1 to the Profiler
350da9498e096903d8c7d968dc55537e.dat  These are the arguments (filehash)------------------------------- These are the arguments
file transfer from gateway1 to profiler start
file transfer from  gateway1 to profiler end
Copy to Profiler successful
Stop prior tsharks and restart
0. 350da9498e096903d8c7d968dc55537e.dat
First command run

Starting the Power Shell Script


Procmon done
Stopping the network capture

Completed 350da9498e096903d8c7d968dc55537e.dat
-------------------------------------------------------------------------


File 5b03afe881ed170bc85ec30f0adf6438.dat copied successfully to 192.168.3.1:/home/jugaad/jugaad/Malware/Profiler_OS_NW/malware_submission
Inside the shell script
The arguments passed to the runstarttest script are as follows
192.168.3.1 jugaad /home/jugaad/jugaad/Malware/GW1/startTest/omrFiles remotestartTestV2.py 5b03afe881ed170bc85ec30f0adf6438.dat
tshark: no process found
PING 192.168.2.27 (192.168.2.27) 56(84) bytes of data.
64 bytes from 192.168.2.27: icmp_seq=1 ttl=128 time=0.783 ms

--- 192.168.2.27 ping statistics ---
1 packets transmitted, 1 received, 0% packet loss, time 0ms
rtt min/avg/max/mdev = 0.783/0.783/0.783/0.000 ms
We are now calling Procmon on the profiler from the Gateway1
Tshark started on Gateway 2 and processes are moved to the background
Capturing on 'eno1'
SUCCESS: The process "5b03afe881ed170bc85ec30f0adf6438.dat" with PID 9140 has been terminated.


################# PROCMON ######################


 --- Starting Procmon Capture 

 --- Starting File Execution 

The PID of the executable file is :  9140
 --- Running cmdline command : "C:\\Profiler_OS_NW\\ProcessMonitor\\Procmon.exe" /AcceptEula /NoFilter /BackingFile "C:\\Profiler_OS_NW\\OS_Data_pml\\5b03afe881ed170bc85ec30f0adf6438.pml" /Quiet /Minimized /LoadConfig ""
 --- Stopping Procmon Capture 

Stopping File Execution 

 --- Running cmdline command : "C:\\Profiler_OS_NW\\ProcessMonitor\\Procmon.exe" /Terminate
 --- Converting session to CSV: C:\\Profiler_OS_NW\\OS_Data_csv\\5b03afe881ed170bc85ec30f0adf6438.csv
 --- Running cmdline: "C:\\Profiler_OS_NW\\ProcessMonitor\\Procmon.exe" /OpenLog "C:\\Profiler_OS_NW\\OS_Data_pml\\5b03afe881ed170bc85ec30f0adf6438.pml" /saveas "C:\\Profiler_OS_NW\\OS_Data_csv\\5b03afe881ed170bc85ec30f0adf6438.csv" /LoadConfig ""
################# PROCMON FINISHED SUCCESSFULLY######################
File transferred to Gateway1
sshpass: Failed to run command: No such file or directory
File transferred to Gateway2
Remote profiler call executed successfully
chmod: changing permissions of '/home/omr/report/returned_network_logs/trafficLogs/logs': Operation not permitted
scp: c:/Profiler_OS_NW/*.pid: No such file or directory
Copying the file from the Gateway 1 to the Profiler
5b03afe881ed170bc85ec30f0adf6438.dat  These are the arguments (filehash)------------------------------- These are the arguments
file transfer from gateway1 to profiler start
file transfer from  gateway1 to profiler end
Copy to Profiler successful
Stop prior tsharks and restart
0. 5b03afe881ed170bc85ec30f0adf6438.dat
First command run

Starting the Power Shell Script


Procmon done
Stopping the network capture

Completed 5b03afe881ed170bc85ec30f0adf6438.dat
-------------------------------------------------------------------------


File f38e3b235806586f9cacef6bdfbf0b71.dat copied successfully to 192.168.3.1:/home/jugaad/jugaad/Malware/Profiler_OS_NW/malware_submission
Inside the shell script
The arguments passed to the runstarttest script are as follows
192.168.3.1 jugaad /home/jugaad/jugaad/Malware/GW1/startTest/omrFiles remotestartTestV2.py f38e3b235806586f9cacef6bdfbf0b71.dat
tshark: no process found
PING 192.168.2.27 (192.168.2.27) 56(84) bytes of data.
64 bytes from 192.168.2.27: icmp_seq=1 ttl=128 time=0.680 ms

--- 192.168.2.27 ping statistics ---
1 packets transmitted, 1 received, 0% packet loss, time 0ms
rtt min/avg/max/mdev = 0.680/0.680/0.680/0.000 ms
We are now calling Procmon on the profiler from the Gateway1
Tshark started on Gateway 2 and processes are moved to the background
Capturing on 'eno1'
ERROR: The process "f38e3b235806586f9cacef6bdfbf0b71.dat" not found.


################# PROCMON ######################


 --- Starting Procmon Capture 

 --- Starting File Execution 

The PID of the executable file is :  9732
 --- Running cmdline command : "C:\\Profiler_OS_NW\\ProcessMonitor\\Procmon.exe" /AcceptEula /NoFilter /BackingFile "C:\\Profiler_OS_NW\\OS_Data_pml\\f38e3b235806586f9cacef6bdfbf0b71.pml" /Quiet /Minimized /LoadConfig ""
 --- Stopping Procmon Capture 

Stopping File Execution 

 --- Running cmdline command : "C:\\Profiler_OS_NW\\ProcessMonitor\\Procmon.exe" /Terminate
 --- Converting session to CSV: C:\\Profiler_OS_NW\\OS_Data_csv\\f38e3b235806586f9cacef6bdfbf0b71.csv
 --- Running cmdline: "C:\\Profiler_OS_NW\\ProcessMonitor\\Procmon.exe" /OpenLog "C:\\Profiler_OS_NW\\OS_Data_pml\\f38e3b235806586f9cacef6bdfbf0b71.pml" /saveas "C:\\Profiler_OS_NW\\OS_Data_csv\\f38e3b235806586f9cacef6bdfbf0b71.csv" /LoadConfig ""
################# PROCMON FINISHED SUCCESSFULLY######################
File transferred to Gateway1
sshpass: Failed to run command: No such file or directory
File transferred to Gateway2
Remote profiler call executed successfully
chmod: changing permissions of '/home/omr/report/returned_network_logs/trafficLogs/logs': Operation not permitted
scp: c:/Profiler_OS_NW/*.pid: No such file or directory
Copying the file from the Gateway 1 to the Profiler
f38e3b235806586f9cacef6bdfbf0b71.dat  These are the arguments (filehash)------------------------------- These are the arguments
file transfer from gateway1 to profiler start
file transfer from  gateway1 to profiler end
Copy to Profiler successful
Stop prior tsharks and restart
0. f38e3b235806586f9cacef6bdfbf0b71.dat
First command run

Starting the Power Shell Script


Procmon done
Stopping the network capture

Completed f38e3b235806586f9cacef6bdfbf0b71.dat
-------------------------------------------------------------------------


Starting the Pulling of messages to Gateway 2
received a new filehash= 618e35c5b5e2bfc850ff61023f036543 and a new jobid = 245
copyexecuted form gateway2 to gateway1 start
copyexecuted form gateway2 to gateway1 end
copied malware to gw1
Called the remote python function with arguments 

 192.168.3.1 jugaad /home/jugaad/jugaad/Malware/GW1/startTest/omrFiles remotestartTestV2.py 618e35c5b5e2bfc850ff61023f036543
remote script invocation form gateway1 to profiler callstart
remote script invocation form gateway1 to profiler callend
Message put into receiving (Report) queue
Job processing complete
received a new filehash= 0569e1782856dfb903f0b3ebe9eed865 and a new jobid = 246
copyexecuted form gateway2 to gateway1 start
copyexecuted form gateway2 to gateway1 end
copied malware to gw1
Called the remote python function with arguments 

 192.168.3.1 jugaad /home/jugaad/jugaad/Malware/GW1/startTest/omrFiles remotestartTestV2.py 0569e1782856dfb903f0b3ebe9eed865
remote script invocation form gateway1 to profiler callstart
remote script invocation form gateway1 to profiler callend
Message put into receiving (Report) queue
Job processing complete
received a new filehash= 056b14a7515ebddc0deda7b0f95d7330 and a new jobid = 247
copyexecuted form gateway2 to gateway1 start
copyexecuted form gateway2 to gateway1 end
copied malware to gw1
Called the remote python function with arguments 

 192.168.3.1 jugaad /home/jugaad/jugaad/Malware/GW1/startTest/omrFiles remotestartTestV2.py 056b14a7515ebddc0deda7b0f95d7330
remote script invocation form gateway1 to profiler callstart
remote script invocation form gateway1 to profiler callend
Message put into receiving (Report) queue
Job processing complete
received a new filehash= 96d0e3328a5ca47056741fc4cfe70f45 and a new jobid = 248
copyexecuted form gateway2 to gateway1 start
copyexecuted form gateway2 to gateway1 end
copied malware to gw1
Called the remote python function with arguments 

 192.168.3.1 jugaad /home/jugaad/jugaad/Malware/GW1/startTest/omrFiles remotestartTestV2.py 96d0e3328a5ca47056741fc4cfe70f45
remote script invocation form gateway1 to profiler callstart
remote script invocation form gateway1 to profiler callend
Message put into receiving (Report) queue
Job processing complete
received a new filehash= d25c3bd6c96b1d4b95f492a9daa4a6a1 and a new jobid = 249
copyexecuted form gateway2 to gateway1 start
copyexecuted form gateway2 to gateway1 end
copied malware to gw1
Called the remote python function with arguments 

 192.168.3.1 jugaad /home/jugaad/jugaad/Malware/GW1/startTest/omrFiles remotestartTestV2.py d25c3bd6c96b1d4b95f492a9daa4a6a1
remote script invocation form gateway1 to profiler callstart
remote script invocation form gateway1 to profiler callend
Message put into receiving (Report) queue
Job processing complete
received a new filehash= 350da9498e096903d8c7d968dc55537e and a new jobid = 250
copyexecuted form gateway2 to gateway1 start
copyexecuted form gateway2 to gateway1 end
copied malware to gw1
Called the remote python function with arguments 

 192.168.3.1 jugaad /home/jugaad/jugaad/Malware/GW1/startTest/omrFiles remotestartTestV2.py 350da9498e096903d8c7d968dc55537e
remote script invocation form gateway1 to profiler callstart
remote script invocation form gateway1 to profiler callend
Message put into receiving (Report) queue
Job processing complete
received a new filehash= 5b03afe881ed170bc85ec30f0adf6438 and a new jobid = 251
copyexecuted form gateway2 to gateway1 start
copyexecuted form gateway2 to gateway1 end
copied malware to gw1
Called the remote python function with arguments 

 192.168.3.1 jugaad /home/jugaad/jugaad/Malware/GW1/startTest/omrFiles remotestartTestV2.py 5b03afe881ed170bc85ec30f0adf6438
remote script invocation form gateway1 to profiler callstart
remote script invocation form gateway1 to profiler callend
Message put into receiving (Report) queue
Job processing complete
received a new filehash= f38e3b235806586f9cacef6bdfbf0b71 and a new jobid = 252
copyexecuted form gateway2 to gateway1 start
copyexecuted form gateway2 to gateway1 end
copied malware to gw1
Called the remote python function with arguments 

 192.168.3.1 jugaad /home/jugaad/jugaad/Malware/GW1/startTest/omrFiles remotestartTestV2.py f38e3b235806586f9cacef6bdfbf0b71
remote script invocation form gateway1 to profiler callstart
remote script invocation form gateway1 to profiler callend
Traceback (most recent call last):
  File "pullqueueV2.py", line 169, in <module>
    channel.start_consuming()
  File "/home/omr/.local/lib/python3.6/site-packages/pika/adapters/blocking_connection.py", line 1883, in start_consuming
    self._process_data_events(time_limit=None)
  File "/home/omr/.local/lib/python3.6/site-packages/pika/adapters/blocking_connection.py", line 2044, in _process_data_events
    self.connection.process_data_events(time_limit=time_limit)
  File "/home/omr/.local/lib/python3.6/site-packages/pika/adapters/blocking_connection.py", line 851, in process_data_events
    self._dispatch_channel_events()
  File "/home/omr/.local/lib/python3.6/site-packages/pika/adapters/blocking_connection.py", line 567, in _dispatch_channel_events
    impl_channel._get_cookie()._dispatch_events()
  File "/home/omr/.local/lib/python3.6/site-packages/pika/adapters/blocking_connection.py", line 1511, in _dispatch_events
    evt.properties, evt.body)
  File "pullqueueV2.py", line 154, in on_message_received
    pushqueue(filehash, jobid)
  File "pullqueueV2.py", line 117, in pushqueue
    channel2=connection2.channel()
  File "/home/omr/.local/lib/python3.6/site-packages/pika/adapters/blocking_connection.py", line 893, in channel
    channel._flush_output(opened_args.is_ready)
  File "/home/omr/.local/lib/python3.6/site-packages/pika/adapters/blocking_connection.py", line 1353, in _flush_output
    self._connection._flush_output(lambda: self.is_closed, *waiters)
  File "/home/omr/.local/lib/python3.6/site-packages/pika/adapters/blocking_connection.py", line 523, in _flush_output
    raise self._closed_result.value.error
pika.exceptions.StreamLostError: Stream connection lost: ConnectionResetError(104, 'Connection reset by peer')
File f38e3b235806586f9cacef6bdfbf0b71.dat copied successfully to 192.168.3.1:/home/jugaad/jugaad/Malware/Profiler_OS_NW/malware_submission
Inside the shell script
The arguments passed to the runstarttest script are as follows
192.168.3.1 jugaad /home/jugaad/jugaad/Malware/GW1/startTest/omrFiles remotestartTestV2.py f38e3b235806586f9cacef6bdfbf0b71.dat
tshark: no process found
PING 192.168.2.27 (192.168.2.27) 56(84) bytes of data.
64 bytes from 192.168.2.27: icmp_seq=1 ttl=128 time=0.687 ms

--- 192.168.2.27 ping statistics ---
1 packets transmitted, 1 received, 0% packet loss, time 0ms
rtt min/avg/max/mdev = 0.687/0.687/0.687/0.000 ms
We are now calling Procmon on the profiler from the Gateway1
Tshark started on Gateway 2 and processes are moved to the background
Capturing on 'eno1'
ERROR: The process "f38e3b235806586f9cacef6bdfbf0b71.dat" not found.


################# PROCMON ######################


 --- Starting Procmon Capture 

 --- Starting File Execution 

The PID of the executable file is :  5772
 --- Running cmdline command : "C:\\Profiler_OS_NW\\ProcessMonitor\\Procmon.exe" /AcceptEula /NoFilter /BackingFile "C:\\Profiler_OS_NW\\OS_Data_pml\\f38e3b235806586f9cacef6bdfbf0b71.pml" /Quiet /Minimized /LoadConfig ""
 --- Stopping Procmon Capture 

Stopping File Execution 

 --- Running cmdline command : "C:\\Profiler_OS_NW\\ProcessMonitor\\Procmon.exe" /Terminate
 --- Converting session to CSV: C:\\Profiler_OS_NW\\OS_Data_csv\\f38e3b235806586f9cacef6bdfbf0b71.csv
 --- Running cmdline: "C:\\Profiler_OS_NW\\ProcessMonitor\\Procmon.exe" /OpenLog "C:\\Profiler_OS_NW\\OS_Data_pml\\f38e3b235806586f9cacef6bdfbf0b71.pml" /saveas "C:\\Profiler_OS_NW\\OS_Data_csv\\f38e3b235806586f9cacef6bdfbf0b71.csv" /LoadConfig ""
################# PROCMON FINISHED SUCCESSFULLY######################
File transferred to Gateway1
sshpass: Failed to run command: No such file or directory
File transferred to Gateway2
Remote profiler call executed successfully
chmod: changing permissions of '/home/omr/report/returned_network_logs/trafficLogs/logs': Operation not permitted
scp: c:/Profiler_OS_NW/*.pid: No such file or directory
Copying the file from the Gateway 1 to the Profiler
f38e3b235806586f9cacef6bdfbf0b71.dat  These are the arguments (filehash)------------------------------- These are the arguments
file transfer from gateway1 to profiler start
file transfer from  gateway1 to profiler end
Copy to Profiler successful
Stop prior tsharks and restart
0. f38e3b235806586f9cacef6bdfbf0b71.dat
First command run

Starting the Power Shell Script


Procmon done
Stopping the network capture

Completed f38e3b235806586f9cacef6bdfbf0b71.dat
-------------------------------------------------------------------------


File b947cca7f485f6c1156f4d02e8c9874f.dat copied successfully to 192.168.3.1:/home/jugaad/jugaad/Malware/Profiler_OS_NW/malware_submission
Inside the shell script
The arguments passed to the runstarttest script are as follows
192.168.3.1 jugaad /home/jugaad/jugaad/Malware/GW1/startTest/omrFiles remotestartTestV2.py b947cca7f485f6c1156f4d02e8c9874f.dat
tshark: no process found
PING 192.168.2.27 (192.168.2.27) 56(84) bytes of data.
64 bytes from 192.168.2.27: icmp_seq=1 ttl=128 time=0.642 ms

--- 192.168.2.27 ping statistics ---
1 packets transmitted, 1 received, 0% packet loss, time 0ms
rtt min/avg/max/mdev = 0.642/0.642/0.642/0.000 ms
We are now calling Procmon on the profiler from the Gateway1
Tshark started on Gateway 2 and processes are moved to the background
Capturing on 'eno1'
ERROR: The process "b947cca7f485f6c1156f4d02e8c9874f.dat" not found.


################# PROCMON ######################


 --- Starting Procmon Capture 

 --- Starting File Execution 

The PID of the executable file is :  1476
 --- Running cmdline command : "C:\\Profiler_OS_NW\\ProcessMonitor\\Procmon.exe" /AcceptEula /NoFilter /BackingFile "C:\\Profiler_OS_NW\\OS_Data_pml\\b947cca7f485f6c1156f4d02e8c9874f.pml" /Quiet /Minimized /LoadConfig ""
 --- Stopping Procmon Capture 

Stopping File Execution 

 --- Running cmdline command : "C:\\Profiler_OS_NW\\ProcessMonitor\\Procmon.exe" /Terminate
 --- Converting session to CSV: C:\\Profiler_OS_NW\\OS_Data_csv\\b947cca7f485f6c1156f4d02e8c9874f.csv
 --- Running cmdline: "C:\\Profiler_OS_NW\\ProcessMonitor\\Procmon.exe" /OpenLog "C:\\Profiler_OS_NW\\OS_Data_pml\\b947cca7f485f6c1156f4d02e8c9874f.pml" /saveas "C:\\Profiler_OS_NW\\OS_Data_csv\\b947cca7f485f6c1156f4d02e8c9874f.csv" /LoadConfig ""
################# PROCMON FINISHED SUCCESSFULLY######################
File transferred to Gateway1
sshpass: Failed to run command: No such file or directory
File transferred to Gateway2
Remote profiler call executed successfully
chmod: changing permissions of '/home/omr/report/returned_network_logs/trafficLogs/logs': Operation not permitted
scp: c:/Profiler_OS_NW/*.pid: No such file or directory
Copying the file from the Gateway 1 to the Profiler
b947cca7f485f6c1156f4d02e8c9874f.dat  These are the arguments (filehash)------------------------------- These are the arguments
file transfer from gateway1 to profiler start
file transfer from  gateway1 to profiler end
Copy to Profiler successful
Stop prior tsharks and restart
0. b947cca7f485f6c1156f4d02e8c9874f.dat
First command run

Starting the Power Shell Script


Procmon done
Stopping the network capture

Completed b947cca7f485f6c1156f4d02e8c9874f.dat
-------------------------------------------------------------------------


Starting the Pulling of messages to Gateway 2
received a new filehash= f38e3b235806586f9cacef6bdfbf0b71 and a new jobid = 252
copyexecuted form gateway2 to gateway1 start
copyexecuted form gateway2 to gateway1 end
copied malware to gw1
Called the remote python function with arguments 

 192.168.3.1 jugaad /home/jugaad/jugaad/Malware/GW1/startTest/omrFiles remotestartTestV2.py f38e3b235806586f9cacef6bdfbf0b71
remote script invocation form gateway1 to profiler callstart
remote script invocation form gateway1 to profiler callend
Message put into receiving (Report) queue
Job processing complete
received a new filehash= b947cca7f485f6c1156f4d02e8c9874f and a new jobid = 253
copyexecuted form gateway2 to gateway1 start
copyexecuted form gateway2 to gateway1 end
copied malware to gw1
Called the remote python function with arguments 

 192.168.3.1 jugaad /home/jugaad/jugaad/Malware/GW1/startTest/omrFiles remotestartTestV2.py b947cca7f485f6c1156f4d02e8c9874f
remote script invocation form gateway1 to profiler callstart
remote script invocation form gateway1 to profiler callend
Message put into receiving (Report) queue
Job processing complete
Traceback (most recent call last):
  File "pullqueueV2.py", line 169, in <module>
    channel.start_consuming()
  File "/home/omr/.local/lib/python3.6/site-packages/pika/adapters/blocking_connection.py", line 1883, in start_consuming
    self._process_data_events(time_limit=None)
  File "/home/omr/.local/lib/python3.6/site-packages/pika/adapters/blocking_connection.py", line 2044, in _process_data_events
    self.connection.process_data_events(time_limit=time_limit)
  File "/home/omr/.local/lib/python3.6/site-packages/pika/adapters/blocking_connection.py", line 842, in process_data_events
    self._flush_output(common_terminator)
  File "/home/omr/.local/lib/python3.6/site-packages/pika/adapters/blocking_connection.py", line 523, in _flush_output
    raise self._closed_result.value.error
pika.exceptions.ConnectionClosedByBroker: (320, "CONNECTION_FORCED - broker forced connection closure with reason 'shutdown'")
Starting the Pulling of messages to Gateway 2
Starting the Pulling of messages to Gateway 2
